mode: set
github.com/kubefoundry/kubefoundry/controller/api/v1alpha1/inferenceproviderconfig_types.go:213.13,215.2 1 0
github.com/kubefoundry/kubefoundry/controller/api/v1alpha1/modeldeployment_types.go:384.13,386.2 1 0
github.com/kubefoundry/kubefoundry/controller/api/v1alpha1/zz_generated.deepcopy.go:30.73,32.19 2 0
github.com/kubefoundry/kubefoundry/controller/api/v1alpha1/zz_generated.deepcopy.go:32.19,36.3 3 0
github.com/kubefoundry/kubefoundry/controller/api/v1alpha1/zz_generated.deepcopy.go:40.66,41.15 1 0
github.com/kubefoundry/kubefoundry/controller/api/v1alpha1/zz_generated.deepcopy.go:41.15,43.3 1 0
github.com/kubefoundry/kubefoundry/controller/api/v1alpha1/zz_generated.deepcopy.go:44.2,46.12 3 0
github.com/kubefoundry/kubefoundry/controller/api/v1alpha1/zz_generated.deepcopy.go:50.61,52.2 1 0
github.com/kubefoundry/kubefoundry/controller/api/v1alpha1/zz_generated.deepcopy.go:55.54,56.15 1 0
github.com/kubefoundry/kubefoundry/controller/api/v1alpha1/zz_generated.deepcopy.go:56.15,58.3 1 0
github.com/kubefoundry/kubefoundry/controller/api/v1alpha1/zz_generated.deepcopy.go:59.2,61.12 3 0
github.com/kubefoundry/kubefoundry/controller/api/v1alpha1/zz_generated.deepcopy.go:65.53,67.29 2 0
github.com/kubefoundry/kubefoundry/controller/api/v1alpha1/zz_generated.deepcopy.go:67.29,71.3 3 0
github.com/kubefoundry/kubefoundry/controller/api/v1alpha1/zz_generated.deepcopy.go:72.2,72.20 1 0
github.com/kubefoundry/kubefoundry/controller/api/v1alpha1/zz_generated.deepcopy.go:72.20,75.29 3 0
github.com/kubefoundry/kubefoundry/controller/api/v1alpha1/zz_generated.deepcopy.go:75.29,77.4 1 0
github.com/kubefoundry/kubefoundry/controller/api/v1alpha1/zz_generated.deepcopy.go:82.46,83.15 1 0
github.com/kubefoundry/kubefoundry/controller/api/v1alpha1/zz_generated.deepcopy.go:83.15,85.3 1 0
github.com/kubefoundry/kubefoundry/controller/api/v1alpha1/zz_generated.deepcopy.go:86.2,88.12 3 0
github.com/kubefoundry/kubefoundry/controller/api/v1alpha1/zz_generated.deepcopy.go:92.47,94.2 1 0
github.com/kubefoundry/kubefoundry/controller/api/v1alpha1/zz_generated.deepcopy.go:97.40,98.15 1 0
github.com/kubefoundry/kubefoundry/controller/api/v1alpha1/zz_generated.deepcopy.go:98.15,100.3 1 0
github.com/kubefoundry/kubefoundry/controller/api/v1alpha1/zz_generated.deepcopy.go:101.2,103.12 3 0
github.com/kubefoundry/kubefoundry/controller/api/v1alpha1/zz_generated.deepcopy.go:107.51,109.2 1 0
github.com/kubefoundry/kubefoundry/controller/api/v1alpha1/zz_generated.deepcopy.go:112.44,113.15 1 0
github.com/kubefoundry/kubefoundry/controller/api/v1alpha1/zz_generated.deepcopy.go:113.15,115.3 1 0
github.com/kubefoundry/kubefoundry/controller/api/v1alpha1/zz_generated.deepcopy.go:116.2,118.12 3 0
github.com/kubefoundry/kubefoundry/controller/api/v1alpha1/zz_generated.deepcopy.go:122.49,124.2 1 0
github.com/kubefoundry/kubefoundry/controller/api/v1alpha1/zz_generated.deepcopy.go:127.42,128.15 1 0
github.com/kubefoundry/kubefoundry/controller/api/v1alpha1/zz_generated.deepcopy.go:128.15,130.3 1 0
github.com/kubefoundry/kubefoundry/controller/api/v1alpha1/zz_generated.deepcopy.go:131.2,133.12 3 0
github.com/kubefoundry/kubefoundry/controller/api/v1alpha1/zz_generated.deepcopy.go:137.79,143.2 5 0
github.com/kubefoundry/kubefoundry/controller/api/v1alpha1/zz_generated.deepcopy.go:146.72,147.15 1 0
github.com/kubefoundry/kubefoundry/controller/api/v1alpha1/zz_generated.deepcopy.go:147.15,149.3 1 0
github.com/kubefoundry/kubefoundry/controller/api/v1alpha1/zz_generated.deepcopy.go:150.2,152.12 3 0
github.com/kubefoundry/kubefoundry/controller/api/v1alpha1/zz_generated.deepcopy.go:156.68,157.34 1 0
github.com/kubefoundry/kubefoundry/controller/api/v1alpha1/zz_generated.deepcopy.go:157.34,159.3 1 0
github.com/kubefoundry/kubefoundry/controller/api/v1alpha1/zz_generated.deepcopy.go:160.2,160.12 1 0
github.com/kubefoundry/kubefoundry/controller/api/v1alpha1/zz_generated.deepcopy.go:164.87,168.21 4 0
github.com/kubefoundry/kubefoundry/controller/api/v1alpha1/zz_generated.deepcopy.go:168.21,171.22 3 0
github.com/kubefoundry/kubefoundry/controller/api/v1alpha1/zz_generated.deepcopy.go:171.22,173.4 1 0
github.com/kubefoundry/kubefoundry/controller/api/v1alpha1/zz_generated.deepcopy.go:178.80,179.15 1 0
github.com/kubefoundry/kubefoundry/controller/api/v1alpha1/zz_generated.deepcopy.go:179.15,181.3 1 0
github.com/kubefoundry/kubefoundry/controller/api/v1alpha1/zz_generated.deepcopy.go:182.2,184.12 3 0
github.com/kubefoundry/kubefoundry/controller/api/v1alpha1/zz_generated.deepcopy.go:188.72,189.34 1 0
github.com/kubefoundry/kubefoundry/controller/api/v1alpha1/zz_generated.deepcopy.go:189.34,191.3 1 0
github.com/kubefoundry/kubefoundry/controller/api/v1alpha1/zz_generated.deepcopy.go:192.2,192.12 1 0
github.com/kubefoundry/kubefoundry/controller/api/v1alpha1/zz_generated.deepcopy.go:196.87,198.28 2 0
github.com/kubefoundry/kubefoundry/controller/api/v1alpha1/zz_generated.deepcopy.go:198.28,202.3 3 0
github.com/kubefoundry/kubefoundry/controller/api/v1alpha1/zz_generated.deepcopy.go:203.2,203.30 1 0
github.com/kubefoundry/kubefoundry/controller/api/v1alpha1/zz_generated.deepcopy.go:203.30,207.3 3 0
github.com/kubefoundry/kubefoundry/controller/api/v1alpha1/zz_generated.deepcopy.go:208.2,208.28 1 0
github.com/kubefoundry/kubefoundry/controller/api/v1alpha1/zz_generated.deepcopy.go:208.28,212.3 3 0
github.com/kubefoundry/kubefoundry/controller/api/v1alpha1/zz_generated.deepcopy.go:216.80,217.15 1 0
github.com/kubefoundry/kubefoundry/controller/api/v1alpha1/zz_generated.deepcopy.go:217.15,219.3 1 0
github.com/kubefoundry/kubefoundry/controller/api/v1alpha1/zz_generated.deepcopy.go:220.2,222.12 3 0
github.com/kubefoundry/kubefoundry/controller/api/v1alpha1/zz_generated.deepcopy.go:226.91,228.29 2 0
github.com/kubefoundry/kubefoundry/controller/api/v1alpha1/zz_generated.deepcopy.go:228.29,231.3 2 0
github.com/kubefoundry/kubefoundry/controller/api/v1alpha1/zz_generated.deepcopy.go:232.2,232.26 1 0
github.com/kubefoundry/kubefoundry/controller/api/v1alpha1/zz_generated.deepcopy.go:232.26,235.22 3 0
github.com/kubefoundry/kubefoundry/controller/api/v1alpha1/zz_generated.deepcopy.go:235.22,237.4 1 0
github.com/kubefoundry/kubefoundry/controller/api/v1alpha1/zz_generated.deepcopy.go:242.84,243.15 1 0
github.com/kubefoundry/kubefoundry/controller/api/v1alpha1/zz_generated.deepcopy.go:243.15,245.3 1 0
github.com/kubefoundry/kubefoundry/controller/api/v1alpha1/zz_generated.deepcopy.go:246.2,248.12 3 0
github.com/kubefoundry/kubefoundry/controller/api/v1alpha1/zz_generated.deepcopy.go:252.65,254.25 2 0
github.com/kubefoundry/kubefoundry/controller/api/v1alpha1/zz_generated.deepcopy.go:254.25,258.3 3 0
github.com/kubefoundry/kubefoundry/controller/api/v1alpha1/zz_generated.deepcopy.go:259.2,259.26 1 0
github.com/kubefoundry/kubefoundry/controller/api/v1alpha1/zz_generated.deepcopy.go:259.26,263.3 3 0
github.com/kubefoundry/kubefoundry/controller/api/v1alpha1/zz_generated.deepcopy.go:264.2,264.21 1 0
github.com/kubefoundry/kubefoundry/controller/api/v1alpha1/zz_generated.deepcopy.go:264.21,268.3 3 0
github.com/kubefoundry/kubefoundry/controller/api/v1alpha1/zz_generated.deepcopy.go:272.58,273.15 1 0
github.com/kubefoundry/kubefoundry/controller/api/v1alpha1/zz_generated.deepcopy.go:273.15,275.3 1 0
github.com/kubefoundry/kubefoundry/controller/api/v1alpha1/zz_generated.deepcopy.go:276.2,278.12 3 0
github.com/kubefoundry/kubefoundry/controller/api/v1alpha1/zz_generated.deepcopy.go:282.65,284.2 1 0
github.com/kubefoundry/kubefoundry/controller/api/v1alpha1/zz_generated.deepcopy.go:287.58,288.15 1 0
github.com/kubefoundry/kubefoundry/controller/api/v1alpha1/zz_generated.deepcopy.go:288.15,290.3 1 0
github.com/kubefoundry/kubefoundry/controller/api/v1alpha1/zz_generated.deepcopy.go:291.2,293.12 3 0
github.com/kubefoundry/kubefoundry/controller/api/v1alpha1/zz_generated.deepcopy.go:297.63,303.2 5 0
github.com/kubefoundry/kubefoundry/controller/api/v1alpha1/zz_generated.deepcopy.go:306.56,307.15 1 0
github.com/kubefoundry/kubefoundry/controller/api/v1alpha1/zz_generated.deepcopy.go:307.15,309.3 1 0
github.com/kubefoundry/kubefoundry/controller/api/v1alpha1/zz_generated.deepcopy.go:310.2,312.12 3 0
github.com/kubefoundry/kubefoundry/controller/api/v1alpha1/zz_generated.deepcopy.go:316.60,317.34 1 0
github.com/kubefoundry/kubefoundry/controller/api/v1alpha1/zz_generated.deepcopy.go:317.34,319.3 1 0
github.com/kubefoundry/kubefoundry/controller/api/v1alpha1/zz_generated.deepcopy.go:320.2,320.12 1 0
github.com/kubefoundry/kubefoundry/controller/api/v1alpha1/zz_generated.deepcopy.go:324.71,328.21 4 0
github.com/kubefoundry/kubefoundry/controller/api/v1alpha1/zz_generated.deepcopy.go:328.21,331.22 3 0
github.com/kubefoundry/kubefoundry/controller/api/v1alpha1/zz_generated.deepcopy.go:331.22,333.4 1 0
github.com/kubefoundry/kubefoundry/controller/api/v1alpha1/zz_generated.deepcopy.go:338.64,339.15 1 0
github.com/kubefoundry/kubefoundry/controller/api/v1alpha1/zz_generated.deepcopy.go:339.15,341.3 1 0
github.com/kubefoundry/kubefoundry/controller/api/v1alpha1/zz_generated.deepcopy.go:342.2,344.12 3 0
github.com/kubefoundry/kubefoundry/controller/api/v1alpha1/zz_generated.deepcopy.go:348.64,349.34 1 0
github.com/kubefoundry/kubefoundry/controller/api/v1alpha1/zz_generated.deepcopy.go:349.34,351.3 1 0
github.com/kubefoundry/kubefoundry/controller/api/v1alpha1/zz_generated.deepcopy.go:352.2,352.12 1 0
github.com/kubefoundry/kubefoundry/controller/api/v1alpha1/zz_generated.deepcopy.go:356.71,359.24 3 0
github.com/kubefoundry/kubefoundry/controller/api/v1alpha1/zz_generated.deepcopy.go:359.24,363.3 3 0
github.com/kubefoundry/kubefoundry/controller/api/v1alpha1/zz_generated.deepcopy.go:364.2,365.23 2 0
github.com/kubefoundry/kubefoundry/controller/api/v1alpha1/zz_generated.deepcopy.go:365.23,369.3 3 0
github.com/kubefoundry/kubefoundry/controller/api/v1alpha1/zz_generated.deepcopy.go:370.2,370.23 1 0
github.com/kubefoundry/kubefoundry/controller/api/v1alpha1/zz_generated.deepcopy.go:370.23,374.3 3 0
github.com/kubefoundry/kubefoundry/controller/api/v1alpha1/zz_generated.deepcopy.go:375.2,375.25 1 0
github.com/kubefoundry/kubefoundry/controller/api/v1alpha1/zz_generated.deepcopy.go:375.25,379.3 3 0
github.com/kubefoundry/kubefoundry/controller/api/v1alpha1/zz_generated.deepcopy.go:380.2,380.19 1 0
github.com/kubefoundry/kubefoundry/controller/api/v1alpha1/zz_generated.deepcopy.go:380.19,383.22 3 0
github.com/kubefoundry/kubefoundry/controller/api/v1alpha1/zz_generated.deepcopy.go:383.22,385.4 1 0
github.com/kubefoundry/kubefoundry/controller/api/v1alpha1/zz_generated.deepcopy.go:387.2,387.27 1 0
github.com/kubefoundry/kubefoundry/controller/api/v1alpha1/zz_generated.deepcopy.go:387.27,391.3 3 0
github.com/kubefoundry/kubefoundry/controller/api/v1alpha1/zz_generated.deepcopy.go:392.2,392.23 1 0
github.com/kubefoundry/kubefoundry/controller/api/v1alpha1/zz_generated.deepcopy.go:392.23,396.3 3 0
github.com/kubefoundry/kubefoundry/controller/api/v1alpha1/zz_generated.deepcopy.go:397.2,397.28 1 0
github.com/kubefoundry/kubefoundry/controller/api/v1alpha1/zz_generated.deepcopy.go:397.28,400.29 3 0
github.com/kubefoundry/kubefoundry/controller/api/v1alpha1/zz_generated.deepcopy.go:400.29,402.4 1 0
github.com/kubefoundry/kubefoundry/controller/api/v1alpha1/zz_generated.deepcopy.go:404.2,404.27 1 0
github.com/kubefoundry/kubefoundry/controller/api/v1alpha1/zz_generated.deepcopy.go:404.27,407.22 3 0
github.com/kubefoundry/kubefoundry/controller/api/v1alpha1/zz_generated.deepcopy.go:407.22,409.4 1 0
github.com/kubefoundry/kubefoundry/controller/api/v1alpha1/zz_generated.deepcopy.go:414.64,415.15 1 0
github.com/kubefoundry/kubefoundry/controller/api/v1alpha1/zz_generated.deepcopy.go:415.15,417.3 1 0
github.com/kubefoundry/kubefoundry/controller/api/v1alpha1/zz_generated.deepcopy.go:418.2,420.12 3 0
github.com/kubefoundry/kubefoundry/controller/api/v1alpha1/zz_generated.deepcopy.go:424.75,426.24 2 0
github.com/kubefoundry/kubefoundry/controller/api/v1alpha1/zz_generated.deepcopy.go:426.24,430.3 3 0
github.com/kubefoundry/kubefoundry/controller/api/v1alpha1/zz_generated.deepcopy.go:431.2,431.24 1 0
github.com/kubefoundry/kubefoundry/controller/api/v1alpha1/zz_generated.deepcopy.go:431.24,435.3 3 0
github.com/kubefoundry/kubefoundry/controller/api/v1alpha1/zz_generated.deepcopy.go:436.2,436.24 1 0
github.com/kubefoundry/kubefoundry/controller/api/v1alpha1/zz_generated.deepcopy.go:436.24,440.3 3 0
github.com/kubefoundry/kubefoundry/controller/api/v1alpha1/zz_generated.deepcopy.go:441.2,441.26 1 0
github.com/kubefoundry/kubefoundry/controller/api/v1alpha1/zz_generated.deepcopy.go:441.26,444.22 3 0
github.com/kubefoundry/kubefoundry/controller/api/v1alpha1/zz_generated.deepcopy.go:444.22,446.4 1 0
github.com/kubefoundry/kubefoundry/controller/api/v1alpha1/zz_generated.deepcopy.go:451.68,452.15 1 0
github.com/kubefoundry/kubefoundry/controller/api/v1alpha1/zz_generated.deepcopy.go:452.15,454.3 1 0
github.com/kubefoundry/kubefoundry/controller/api/v1alpha1/zz_generated.deepcopy.go:455.2,457.12 3 0
github.com/kubefoundry/kubefoundry/controller/api/v1alpha1/zz_generated.deepcopy.go:461.51,463.2 1 0
github.com/kubefoundry/kubefoundry/controller/api/v1alpha1/zz_generated.deepcopy.go:466.44,467.15 1 0
github.com/kubefoundry/kubefoundry/controller/api/v1alpha1/zz_generated.deepcopy.go:467.15,469.3 1 0
github.com/kubefoundry/kubefoundry/controller/api/v1alpha1/zz_generated.deepcopy.go:470.2,472.12 3 0
github.com/kubefoundry/kubefoundry/controller/api/v1alpha1/zz_generated.deepcopy.go:476.71,478.22 2 0
github.com/kubefoundry/kubefoundry/controller/api/v1alpha1/zz_generated.deepcopy.go:478.22,481.29 3 0
github.com/kubefoundry/kubefoundry/controller/api/v1alpha1/zz_generated.deepcopy.go:481.29,483.4 1 0
github.com/kubefoundry/kubefoundry/controller/api/v1alpha1/zz_generated.deepcopy.go:485.2,485.27 1 0
github.com/kubefoundry/kubefoundry/controller/api/v1alpha1/zz_generated.deepcopy.go:485.27,488.29 3 0
github.com/kubefoundry/kubefoundry/controller/api/v1alpha1/zz_generated.deepcopy.go:488.29,490.4 1 0
github.com/kubefoundry/kubefoundry/controller/api/v1alpha1/zz_generated.deepcopy.go:495.64,496.15 1 0
github.com/kubefoundry/kubefoundry/controller/api/v1alpha1/zz_generated.deepcopy.go:496.15,498.3 1 0
github.com/kubefoundry/kubefoundry/controller/api/v1alpha1/zz_generated.deepcopy.go:499.2,501.12 3 0
github.com/kubefoundry/kubefoundry/controller/api/v1alpha1/zz_generated.deepcopy.go:505.63,507.24 2 0
github.com/kubefoundry/kubefoundry/controller/api/v1alpha1/zz_generated.deepcopy.go:507.24,511.3 3 0
github.com/kubefoundry/kubefoundry/controller/api/v1alpha1/zz_generated.deepcopy.go:515.56,516.15 1 0
github.com/kubefoundry/kubefoundry/controller/api/v1alpha1/zz_generated.deepcopy.go:516.15,518.3 1 0
github.com/kubefoundry/kubefoundry/controller/api/v1alpha1/zz_generated.deepcopy.go:519.2,521.12 3 0
github.com/kubefoundry/kubefoundry/controller/api/v1alpha1/zz_generated.deepcopy.go:525.73,527.23 2 0
github.com/kubefoundry/kubefoundry/controller/api/v1alpha1/zz_generated.deepcopy.go:527.23,531.3 3 0
github.com/kubefoundry/kubefoundry/controller/api/v1alpha1/zz_generated.deepcopy.go:532.2,532.28 1 0
github.com/kubefoundry/kubefoundry/controller/api/v1alpha1/zz_generated.deepcopy.go:532.28,536.3 3 0
github.com/kubefoundry/kubefoundry/controller/api/v1alpha1/zz_generated.deepcopy.go:540.66,541.15 1 0
github.com/kubefoundry/kubefoundry/controller/api/v1alpha1/zz_generated.deepcopy.go:541.15,543.3 1 0
github.com/kubefoundry/kubefoundry/controller/api/v1alpha1/zz_generated.deepcopy.go:544.2,546.12 3 0
github.com/kubefoundry/kubefoundry/controller/api/v1alpha1/zz_generated.deepcopy.go:550.57,552.25 2 0
github.com/kubefoundry/kubefoundry/controller/api/v1alpha1/zz_generated.deepcopy.go:552.25,556.3 3 0
github.com/kubefoundry/kubefoundry/controller/api/v1alpha1/zz_generated.deepcopy.go:560.50,561.15 1 0
github.com/kubefoundry/kubefoundry/controller/api/v1alpha1/zz_generated.deepcopy.go:561.15,563.3 1 0
github.com/kubefoundry/kubefoundry/controller/api/v1alpha1/zz_generated.deepcopy.go:564.2,566.12 3 0
github.com/kubefoundry/kubefoundry/controller/api/v1alpha1/zz_generated.deepcopy.go:570.61,572.2 1 0
github.com/kubefoundry/kubefoundry/controller/api/v1alpha1/zz_generated.deepcopy.go:575.54,576.15 1 0
github.com/kubefoundry/kubefoundry/controller/api/v1alpha1/zz_generated.deepcopy.go:576.15,578.3 1 0
github.com/kubefoundry/kubefoundry/controller/api/v1alpha1/zz_generated.deepcopy.go:579.2,581.12 3 0
github.com/kubefoundry/kubefoundry/controller/api/v1alpha1/zz_generated.deepcopy.go:585.59,587.2 1 0
github.com/kubefoundry/kubefoundry/controller/api/v1alpha1/zz_generated.deepcopy.go:590.52,591.15 1 0
github.com/kubefoundry/kubefoundry/controller/api/v1alpha1/zz_generated.deepcopy.go:591.15,593.3 1 0
github.com/kubefoundry/kubefoundry/controller/api/v1alpha1/zz_generated.deepcopy.go:594.2,596.12 3 0
github.com/kubefoundry/kubefoundry/controller/api/v1alpha1/zz_generated.deepcopy.go:600.57,602.19 2 0
github.com/kubefoundry/kubefoundry/controller/api/v1alpha1/zz_generated.deepcopy.go:602.19,606.3 3 0
github.com/kubefoundry/kubefoundry/controller/api/v1alpha1/zz_generated.deepcopy.go:610.50,611.15 1 0
github.com/kubefoundry/kubefoundry/controller/api/v1alpha1/zz_generated.deepcopy.go:611.15,613.3 1 0
github.com/kubefoundry/kubefoundry/controller/api/v1alpha1/zz_generated.deepcopy.go:614.2,616.12 3 0
github.com/kubefoundry/kubefoundry/controller/api/v1alpha1/zz_generated.deepcopy.go:620.55,622.23 2 0
github.com/kubefoundry/kubefoundry/controller/api/v1alpha1/zz_generated.deepcopy.go:622.23,626.3 3 0
github.com/kubefoundry/kubefoundry/controller/api/v1alpha1/zz_generated.deepcopy.go:627.2,627.22 1 0
github.com/kubefoundry/kubefoundry/controller/api/v1alpha1/zz_generated.deepcopy.go:627.22,631.3 3 0
github.com/kubefoundry/kubefoundry/controller/api/v1alpha1/zz_generated.deepcopy.go:635.48,636.15 1 0
github.com/kubefoundry/kubefoundry/controller/api/v1alpha1/zz_generated.deepcopy.go:636.15,638.3 1 0
github.com/kubefoundry/kubefoundry/controller/api/v1alpha1/zz_generated.deepcopy.go:639.2,641.12 3 0
github.com/kubefoundry/kubefoundry/controller/api/v1alpha1/zz_generated.deepcopy.go:645.55,647.2 1 0
github.com/kubefoundry/kubefoundry/controller/api/v1alpha1/zz_generated.deepcopy.go:650.48,651.15 1 0
github.com/kubefoundry/kubefoundry/controller/api/v1alpha1/zz_generated.deepcopy.go:651.15,653.3 1 0
github.com/kubefoundry/kubefoundry/controller/api/v1alpha1/zz_generated.deepcopy.go:654.2,656.12 3 0
github.com/kubefoundry/kubefoundry/controller/api/v1alpha1/zz_generated.deepcopy.go:660.59,662.2 1 0
github.com/kubefoundry/kubefoundry/controller/api/v1alpha1/zz_generated.deepcopy.go:665.52,666.15 1 0
github.com/kubefoundry/kubefoundry/controller/api/v1alpha1/zz_generated.deepcopy.go:666.15,668.3 1 0
github.com/kubefoundry/kubefoundry/controller/api/v1alpha1/zz_generated.deepcopy.go:669.2,671.12 3 0
github.com/kubefoundry/kubefoundry/controller/api/v1alpha1/zz_generated.deepcopy.go:675.55,677.2 1 0
github.com/kubefoundry/kubefoundry/controller/api/v1alpha1/zz_generated.deepcopy.go:680.48,681.15 1 0
github.com/kubefoundry/kubefoundry/controller/api/v1alpha1/zz_generated.deepcopy.go:681.15,683.3 1 0
github.com/kubefoundry/kubefoundry/controller/api/v1alpha1/zz_generated.deepcopy.go:684.2,686.12 3 0
github.com/kubefoundry/kubefoundry/controller/cmd/main.go:71.13,76.2 2 0
github.com/kubefoundry/kubefoundry/controller/cmd/main.go:81.45,86.45 3 0
github.com/kubefoundry/kubefoundry/controller/cmd/main.go:86.45,88.3 1 0
github.com/kubefoundry/kubefoundry/controller/cmd/main.go:90.2,90.48 1 0
github.com/kubefoundry/kubefoundry/controller/cmd/main.go:90.48,92.3 1 0
github.com/kubefoundry/kubefoundry/controller/cmd/main.go:94.2,95.16 2 0
github.com/kubefoundry/kubefoundry/controller/cmd/main.go:95.16,97.3 1 0
github.com/kubefoundry/kubefoundry/controller/cmd/main.go:99.2,106.16 3 0
github.com/kubefoundry/kubefoundry/controller/cmd/main.go:106.16,108.3 1 0
github.com/kubefoundry/kubefoundry/controller/cmd/main.go:110.2,111.16 2 0
github.com/kubefoundry/kubefoundry/controller/cmd/main.go:111.16,113.3 1 0
github.com/kubefoundry/kubefoundry/controller/cmd/main.go:114.2,115.94 2 0
github.com/kubefoundry/kubefoundry/controller/cmd/main.go:115.94,117.3 1 0
github.com/kubefoundry/kubefoundry/controller/cmd/main.go:119.2,120.16 2 0
github.com/kubefoundry/kubefoundry/controller/cmd/main.go:120.16,122.3 1 0
github.com/kubefoundry/kubefoundry/controller/cmd/main.go:124.2,125.16 2 0
github.com/kubefoundry/kubefoundry/controller/cmd/main.go:125.16,127.3 1 0
github.com/kubefoundry/kubefoundry/controller/cmd/main.go:128.2,129.97 2 0
github.com/kubefoundry/kubefoundry/controller/cmd/main.go:129.97,131.3 1 0
github.com/kubefoundry/kubefoundry/controller/cmd/main.go:133.2,133.12 1 0
github.com/kubefoundry/kubefoundry/controller/cmd/main.go:137.13,182.38 26 0
github.com/kubefoundry/kubefoundry/controller/cmd/main.go:182.38,185.3 2 0
github.com/kubefoundry/kubefoundry/controller/cmd/main.go:187.2,187.18 1 0
github.com/kubefoundry/kubefoundry/controller/cmd/main.go:187.18,189.3 1 0
github.com/kubefoundry/kubefoundry/controller/cmd/main.go:193.2,193.45 1 0
github.com/kubefoundry/kubefoundry/controller/cmd/main.go:193.45,194.55 1 0
github.com/kubefoundry/kubefoundry/controller/cmd/main.go:194.55,197.4 2 0
github.com/kubefoundry/kubefoundry/controller/cmd/main.go:201.2,218.19 4 0
github.com/kubefoundry/kubefoundry/controller/cmd/main.go:218.19,224.3 1 0
github.com/kubefoundry/kubefoundry/controller/cmd/main.go:229.2,229.30 1 0
github.com/kubefoundry/kubefoundry/controller/cmd/main.go:229.30,236.3 4 0
github.com/kubefoundry/kubefoundry/controller/cmd/main.go:238.2,257.16 2 0
github.com/kubefoundry/kubefoundry/controller/cmd/main.go:257.16,260.3 2 0
github.com/kubefoundry/kubefoundry/controller/cmd/main.go:263.2,264.69 2 0
github.com/kubefoundry/kubefoundry/controller/cmd/main.go:264.69,268.25 3 0
github.com/kubefoundry/kubefoundry/controller/cmd/main.go:268.25,271.4 2 0
github.com/kubefoundry/kubefoundry/controller/cmd/main.go:273.3,295.18 2 0
github.com/kubefoundry/kubefoundry/controller/cmd/main.go:295.18,298.4 2 0
github.com/kubefoundry/kubefoundry/controller/cmd/main.go:303.3,303.13 1 0
github.com/kubefoundry/kubefoundry/controller/cmd/main.go:303.13,310.27 4 0
github.com/kubefoundry/kubefoundry/controller/cmd/main.go:310.27,313.5 2 0
github.com/kubefoundry/kubefoundry/controller/cmd/main.go:314.4,314.39 1 0
github.com/kubefoundry/kubefoundry/controller/cmd/main.go:314.39,315.82 1 0
github.com/kubefoundry/kubefoundry/controller/cmd/main.go:315.82,317.6 1 0
github.com/kubefoundry/kubefoundry/controller/cmd/main.go:319.4,319.47 1 0
github.com/kubefoundry/kubefoundry/controller/cmd/main.go:321.8,323.3 1 0
github.com/kubefoundry/kubefoundry/controller/cmd/main.go:325.2,329.39 1 0
github.com/kubefoundry/kubefoundry/controller/cmd/main.go:329.39,332.3 2 0
github.com/kubefoundry/kubefoundry/controller/cmd/main.go:334.2,334.45 1 0
github.com/kubefoundry/kubefoundry/controller/cmd/main.go:334.45,335.85 1 0
github.com/kubefoundry/kubefoundry/controller/cmd/main.go:335.85,338.4 2 0
github.com/kubefoundry/kubefoundry/controller/cmd/main.go:343.2,343.69 1 0
github.com/kubefoundry/kubefoundry/controller/cmd/main.go:343.69,346.3 2 0
github.com/kubefoundry/kubefoundry/controller/cmd/main.go:347.2,347.67 1 0
github.com/kubefoundry/kubefoundry/controller/cmd/main.go:347.67,350.3 2 0
github.com/kubefoundry/kubefoundry/controller/cmd/main.go:352.2,353.61 2 0
github.com/kubefoundry/kubefoundry/controller/cmd/main.go:353.61,356.3 2 0
github.com/kubefoundry/kubefoundry/controller/internal/webhook/v1alpha1/modeldeployment_webhook.go:36.69,41.2 1 0
github.com/kubefoundry/kubefoundry/controller/internal/webhook/v1alpha1/modeldeployment_webhook.go:50.117,56.29 3 0
github.com/kubefoundry/kubefoundry/controller/internal/webhook/v1alpha1/modeldeployment_webhook.go:56.29,58.3 1 0
github.com/kubefoundry/kubefoundry/controller/internal/webhook/v1alpha1/modeldeployment_webhook.go:61.2,61.25 1 0
github.com/kubefoundry/kubefoundry/controller/internal/webhook/v1alpha1/modeldeployment_webhook.go:61.25,65.3 1 0
github.com/kubefoundry/kubefoundry/controller/internal/webhook/v1alpha1/modeldeployment_webhook.go:65.8,65.36 1 0
github.com/kubefoundry/kubefoundry/controller/internal/webhook/v1alpha1/modeldeployment_webhook.go:65.36,67.3 1 0
github.com/kubefoundry/kubefoundry/controller/internal/webhook/v1alpha1/modeldeployment_webhook.go:70.2,70.68 1 0
github.com/kubefoundry/kubefoundry/controller/internal/webhook/v1alpha1/modeldeployment_webhook.go:70.68,71.26 1 0
github.com/kubefoundry/kubefoundry/controller/internal/webhook/v1alpha1/modeldeployment_webhook.go:71.26,75.4 1 0
github.com/kubefoundry/kubefoundry/controller/internal/webhook/v1alpha1/modeldeployment_webhook.go:75.9,75.40 1 0
github.com/kubefoundry/kubefoundry/controller/internal/webhook/v1alpha1/modeldeployment_webhook.go:75.41,78.4 0 0
github.com/kubefoundry/kubefoundry/controller/internal/webhook/v1alpha1/modeldeployment_webhook.go:82.2,82.89 1 0
github.com/kubefoundry/kubefoundry/controller/internal/webhook/v1alpha1/modeldeployment_webhook.go:82.89,84.3 1 0
github.com/kubefoundry/kubefoundry/controller/internal/webhook/v1alpha1/modeldeployment_webhook.go:87.2,87.25 1 0
github.com/kubefoundry/kubefoundry/controller/internal/webhook/v1alpha1/modeldeployment_webhook.go:87.25,88.108 1 0
github.com/kubefoundry/kubefoundry/controller/internal/webhook/v1alpha1/modeldeployment_webhook.go:88.108,90.4 1 0
github.com/kubefoundry/kubefoundry/controller/internal/webhook/v1alpha1/modeldeployment_webhook.go:91.3,91.105 1 0
github.com/kubefoundry/kubefoundry/controller/internal/webhook/v1alpha1/modeldeployment_webhook.go:91.105,93.4 1 0
github.com/kubefoundry/kubefoundry/controller/internal/webhook/v1alpha1/modeldeployment_webhook.go:96.2,96.12 1 0
github.com/kubefoundry/kubefoundry/controller/internal/webhook/v1alpha1/modeldeployment_webhook.go:106.146,118.22 6 0
github.com/kubefoundry/kubefoundry/controller/internal/webhook/v1alpha1/modeldeployment_webhook.go:118.22,120.3 1 0
github.com/kubefoundry/kubefoundry/controller/internal/webhook/v1alpha1/modeldeployment_webhook.go:121.2,121.22 1 0
github.com/kubefoundry/kubefoundry/controller/internal/webhook/v1alpha1/modeldeployment_webhook.go:125.157,140.22 7 0
github.com/kubefoundry/kubefoundry/controller/internal/webhook/v1alpha1/modeldeployment_webhook.go:140.22,142.3 1 0
github.com/kubefoundry/kubefoundry/controller/internal/webhook/v1alpha1/modeldeployment_webhook.go:143.2,143.22 1 0
github.com/kubefoundry/kubefoundry/controller/internal/webhook/v1alpha1/modeldeployment_webhook.go:147.146,152.2 2 0
github.com/kubefoundry/kubefoundry/controller/internal/webhook/v1alpha1/modeldeployment_webhook.go:155.113,161.96 4 0
github.com/kubefoundry/kubefoundry/controller/internal/webhook/v1alpha1/modeldeployment_webhook.go:161.96,162.26 1 0
github.com/kubefoundry/kubefoundry/controller/internal/webhook/v1alpha1/modeldeployment_webhook.go:162.26,167.4 1 0
github.com/kubefoundry/kubefoundry/controller/internal/webhook/v1alpha1/modeldeployment_webhook.go:171.2,171.28 1 0
github.com/kubefoundry/kubefoundry/controller/internal/webhook/v1alpha1/modeldeployment_webhook.go:171.28,176.3 1 0
github.com/kubefoundry/kubefoundry/controller/internal/webhook/v1alpha1/modeldeployment_webhook.go:179.2,180.56 2 0
github.com/kubefoundry/kubefoundry/controller/internal/webhook/v1alpha1/modeldeployment_webhook.go:180.56,182.3 1 0
github.com/kubefoundry/kubefoundry/controller/internal/webhook/v1alpha1/modeldeployment_webhook.go:184.2,185.52 2 0
github.com/kubefoundry/kubefoundry/controller/internal/webhook/v1alpha1/modeldeployment_webhook.go:185.52,187.3 1 0
github.com/kubefoundry/kubefoundry/controller/internal/webhook/v1alpha1/modeldeployment_webhook.go:189.2,189.26 1 0
github.com/kubefoundry/kubefoundry/controller/internal/webhook/v1alpha1/modeldeployment_webhook.go:190.118,192.80 1 0
github.com/kubefoundry/kubefoundry/controller/internal/webhook/v1alpha1/modeldeployment_webhook.go:192.80,198.4 1 0
github.com/kubefoundry/kubefoundry/controller/internal/webhook/v1alpha1/modeldeployment_webhook.go:202.2,202.65 1 0
github.com/kubefoundry/kubefoundry/controller/internal/webhook/v1alpha1/modeldeployment_webhook.go:202.65,204.89 1 0
github.com/kubefoundry/kubefoundry/controller/internal/webhook/v1alpha1/modeldeployment_webhook.go:204.89,210.4 1 0
github.com/kubefoundry/kubefoundry/controller/internal/webhook/v1alpha1/modeldeployment_webhook.go:213.3,213.26 1 0
github.com/kubefoundry/kubefoundry/controller/internal/webhook/v1alpha1/modeldeployment_webhook.go:213.26,218.4 1 0
github.com/kubefoundry/kubefoundry/controller/internal/webhook/v1alpha1/modeldeployment_webhook.go:218.9,219.35 1 0
github.com/kubefoundry/kubefoundry/controller/internal/webhook/v1alpha1/modeldeployment_webhook.go:219.35,224.5 1 0
github.com/kubefoundry/kubefoundry/controller/internal/webhook/v1alpha1/modeldeployment_webhook.go:224.10,225.79 1 0
github.com/kubefoundry/kubefoundry/controller/internal/webhook/v1alpha1/modeldeployment_webhook.go:225.79,230.6 1 0
github.com/kubefoundry/kubefoundry/controller/internal/webhook/v1alpha1/modeldeployment_webhook.go:233.4,233.34 1 0
github.com/kubefoundry/kubefoundry/controller/internal/webhook/v1alpha1/modeldeployment_webhook.go:233.34,238.5 1 0
github.com/kubefoundry/kubefoundry/controller/internal/webhook/v1alpha1/modeldeployment_webhook.go:238.10,239.77 1 0
github.com/kubefoundry/kubefoundry/controller/internal/webhook/v1alpha1/modeldeployment_webhook.go:239.77,244.6 1 0
github.com/kubefoundry/kubefoundry/controller/internal/webhook/v1alpha1/modeldeployment_webhook.go:249.2,249.16 1 0
github.com/kubefoundry/kubefoundry/controller/internal/webhook/v1alpha1/modeldeployment_webhook.go:254.135,262.42 5 0
github.com/kubefoundry/kubefoundry/controller/internal/webhook/v1alpha1/modeldeployment_webhook.go:262.42,268.3 1 0
github.com/kubefoundry/kubefoundry/controller/internal/webhook/v1alpha1/modeldeployment_webhook.go:271.2,271.50 1 0
github.com/kubefoundry/kubefoundry/controller/internal/webhook/v1alpha1/modeldeployment_webhook.go:271.50,277.3 1 0
github.com/kubefoundry/kubefoundry/controller/internal/webhook/v1alpha1/modeldeployment_webhook.go:280.2,280.48 1 0
github.com/kubefoundry/kubefoundry/controller/internal/webhook/v1alpha1/modeldeployment_webhook.go:280.48,286.3 1 0
github.com/kubefoundry/kubefoundry/controller/internal/webhook/v1alpha1/modeldeployment_webhook.go:289.2,291.29 3 0
github.com/kubefoundry/kubefoundry/controller/internal/webhook/v1alpha1/modeldeployment_webhook.go:291.29,293.3 1 0
github.com/kubefoundry/kubefoundry/controller/internal/webhook/v1alpha1/modeldeployment_webhook.go:294.2,294.29 1 0
github.com/kubefoundry/kubefoundry/controller/internal/webhook/v1alpha1/modeldeployment_webhook.go:294.29,296.3 1 0
github.com/kubefoundry/kubefoundry/controller/internal/webhook/v1alpha1/modeldeployment_webhook.go:297.2,297.74 1 0
github.com/kubefoundry/kubefoundry/controller/internal/webhook/v1alpha1/modeldeployment_webhook.go:297.74,303.3 1 0
github.com/kubefoundry/kubefoundry/controller/internal/webhook/v1alpha1/modeldeployment_webhook.go:306.2,308.58 3 0
github.com/kubefoundry/kubefoundry/controller/internal/webhook/v1alpha1/modeldeployment_webhook.go:308.58,310.3 1 0
github.com/kubefoundry/kubefoundry/controller/internal/webhook/v1alpha1/modeldeployment_webhook.go:311.2,311.58 1 0
github.com/kubefoundry/kubefoundry/controller/internal/webhook/v1alpha1/modeldeployment_webhook.go:311.58,313.3 1 0
github.com/kubefoundry/kubefoundry/controller/internal/webhook/v1alpha1/modeldeployment_webhook.go:314.2,314.24 1 0
github.com/kubefoundry/kubefoundry/controller/internal/webhook/v1alpha1/modeldeployment_webhook.go:314.24,320.3 1 0
github.com/kubefoundry/kubefoundry/controller/internal/webhook/v1alpha1/modeldeployment_webhook.go:322.2,322.16 1 0
github.com/kubefoundry/kubefoundry/controller/internal/webhook/v1alpha1/modeldeployment_webhook.go:326.117,331.95 3 0
github.com/kubefoundry/kubefoundry/controller/internal/webhook/v1alpha1/modeldeployment_webhook.go:331.95,333.3 1 0
github.com/kubefoundry/kubefoundry/controller/internal/webhook/v1alpha1/modeldeployment_webhook.go:336.2,336.33 1 0
github.com/kubefoundry/kubefoundry/controller/internal/webhook/v1alpha1/modeldeployment_webhook.go:336.33,338.3 1 0
github.com/kubefoundry/kubefoundry/controller/internal/webhook/v1alpha1/modeldeployment_webhook.go:341.2,341.98 1 0
github.com/kubefoundry/kubefoundry/controller/internal/webhook/v1alpha1/modeldeployment_webhook.go:341.98,343.3 1 0
github.com/kubefoundry/kubefoundry/controller/internal/webhook/v1alpha1/modeldeployment_webhook.go:345.2,345.17 1 0
github.com/kubefoundry/kubefoundry/controller/internal/controller/modeldeployment_controller.go:60.107,65.60 3 0
github.com/kubefoundry/kubefoundry/controller/internal/controller/modeldeployment_controller.go:65.60,67.3 1 0
github.com/kubefoundry/kubefoundry/controller/internal/controller/modeldeployment_controller.go:69.2,72.90 2 0
github.com/kubefoundry/kubefoundry/controller/internal/controller/modeldeployment_controller.go:72.90,75.3 2 0
github.com/kubefoundry/kubefoundry/controller/internal/controller/modeldeployment_controller.go:78.2,78.51 1 0
github.com/kubefoundry/kubefoundry/controller/internal/controller/modeldeployment_controller.go:78.51,80.3 1 0
github.com/kubefoundry/kubefoundry/controller/internal/controller/modeldeployment_controller.go:83.2,83.27 1 0
github.com/kubefoundry/kubefoundry/controller/internal/controller/modeldeployment_controller.go:83.27,85.3 1 0
github.com/kubefoundry/kubefoundry/controller/internal/controller/modeldeployment_controller.go:88.2,88.49 1 0
github.com/kubefoundry/kubefoundry/controller/internal/controller/modeldeployment_controller.go:88.49,94.3 5 0
github.com/kubefoundry/kubefoundry/controller/internal/controller/modeldeployment_controller.go:95.2,98.30 2 0
github.com/kubefoundry/kubefoundry/controller/internal/controller/modeldeployment_controller.go:98.30,99.52 1 0
github.com/kubefoundry/kubefoundry/controller/internal/controller/modeldeployment_controller.go:99.52,104.4 4 0
github.com/kubefoundry/kubefoundry/controller/internal/controller/modeldeployment_controller.go:109.2,109.64 1 0
github.com/kubefoundry/kubefoundry/controller/internal/controller/modeldeployment_controller.go:109.64,110.61 1 0
github.com/kubefoundry/kubefoundry/controller/internal/controller/modeldeployment_controller.go:110.61,117.4 2 0
github.com/kubefoundry/kubefoundry/controller/internal/controller/modeldeployment_controller.go:117.9,117.39 1 0
github.com/kubefoundry/kubefoundry/controller/internal/controller/modeldeployment_controller.go:117.39,121.4 2 0
github.com/kubefoundry/kubefoundry/controller/internal/controller/modeldeployment_controller.go:137.2,139.51 2 0
github.com/kubefoundry/kubefoundry/controller/internal/controller/modeldeployment_controller.go:143.118,147.96 2 0
github.com/kubefoundry/kubefoundry/controller/internal/controller/modeldeployment_controller.go:147.96,148.26 1 0
github.com/kubefoundry/kubefoundry/controller/internal/controller/modeldeployment_controller.go:148.26,150.4 1 0
github.com/kubefoundry/kubefoundry/controller/internal/controller/modeldeployment_controller.go:154.2,154.28 1 0
github.com/kubefoundry/kubefoundry/controller/internal/controller/modeldeployment_controller.go:154.28,156.3 1 0
github.com/kubefoundry/kubefoundry/controller/internal/controller/modeldeployment_controller.go:159.2,160.56 2 0
github.com/kubefoundry/kubefoundry/controller/internal/controller/modeldeployment_controller.go:160.56,162.3 1 0
github.com/kubefoundry/kubefoundry/controller/internal/controller/modeldeployment_controller.go:164.2,164.26 1 0
github.com/kubefoundry/kubefoundry/controller/internal/controller/modeldeployment_controller.go:165.118,168.53 2 0
github.com/kubefoundry/kubefoundry/controller/internal/controller/modeldeployment_controller.go:168.53,170.4 1 0
github.com/kubefoundry/kubefoundry/controller/internal/controller/modeldeployment_controller.go:172.3,172.80 1 0
github.com/kubefoundry/kubefoundry/controller/internal/controller/modeldeployment_controller.go:172.80,174.4 1 0
github.com/kubefoundry/kubefoundry/controller/internal/controller/modeldeployment_controller.go:178.2,178.94 1 0
github.com/kubefoundry/kubefoundry/controller/internal/controller/modeldeployment_controller.go:178.94,180.89 1 0
github.com/kubefoundry/kubefoundry/controller/internal/controller/modeldeployment_controller.go:180.89,182.4 1 0
github.com/kubefoundry/kubefoundry/controller/internal/controller/modeldeployment_controller.go:185.3,185.87 1 0
github.com/kubefoundry/kubefoundry/controller/internal/controller/modeldeployment_controller.go:185.87,187.4 1 0
github.com/kubefoundry/kubefoundry/controller/internal/controller/modeldeployment_controller.go:190.3,190.77 1 0
github.com/kubefoundry/kubefoundry/controller/internal/controller/modeldeployment_controller.go:190.77,192.4 1 0
github.com/kubefoundry/kubefoundry/controller/internal/controller/modeldeployment_controller.go:195.3,195.75 1 0
github.com/kubefoundry/kubefoundry/controller/internal/controller/modeldeployment_controller.go:195.75,197.4 1 0
github.com/kubefoundry/kubefoundry/controller/internal/controller/modeldeployment_controller.go:200.2,200.12 1 0
github.com/kubefoundry/kubefoundry/controller/internal/controller/modeldeployment_controller.go:204.120,208.60 2 0
github.com/kubefoundry/kubefoundry/controller/internal/controller/modeldeployment_controller.go:208.60,210.3 1 0
github.com/kubefoundry/kubefoundry/controller/internal/controller/modeldeployment_controller.go:211.2,211.64 1 0
github.com/kubefoundry/kubefoundry/controller/internal/controller/modeldeployment_controller.go:211.64,213.3 1 0
github.com/kubefoundry/kubefoundry/controller/internal/controller/modeldeployment_controller.go:216.2,217.54 2 0
github.com/kubefoundry/kubefoundry/controller/internal/controller/modeldeployment_controller.go:217.54,219.3 1 0
github.com/kubefoundry/kubefoundry/controller/internal/controller/modeldeployment_controller.go:221.2,221.37 1 0
github.com/kubefoundry/kubefoundry/controller/internal/controller/modeldeployment_controller.go:221.37,223.3 1 0
github.com/kubefoundry/kubefoundry/controller/internal/controller/modeldeployment_controller.go:226.2,227.43 2 0
github.com/kubefoundry/kubefoundry/controller/internal/controller/modeldeployment_controller.go:227.43,228.22 1 0
github.com/kubefoundry/kubefoundry/controller/internal/controller/modeldeployment_controller.go:228.22,230.4 1 0
github.com/kubefoundry/kubefoundry/controller/internal/controller/modeldeployment_controller.go:233.2,233.30 1 0
github.com/kubefoundry/kubefoundry/controller/internal/controller/modeldeployment_controller.go:233.30,235.3 1 0
github.com/kubefoundry/kubefoundry/controller/internal/controller/modeldeployment_controller.go:238.2,239.28 2 0
github.com/kubefoundry/kubefoundry/controller/internal/controller/modeldeployment_controller.go:239.28,241.3 1 0
github.com/kubefoundry/kubefoundry/controller/internal/controller/modeldeployment_controller.go:243.2,251.12 4 0
github.com/kubefoundry/kubefoundry/controller/internal/controller/modeldeployment_controller.go:255.174,260.88 3 0
github.com/kubefoundry/kubefoundry/controller/internal/controller/modeldeployment_controller.go:260.88,262.3 1 0
github.com/kubefoundry/kubefoundry/controller/internal/controller/modeldeployment_controller.go:263.2,263.94 1 0
github.com/kubefoundry/kubefoundry/controller/internal/controller/modeldeployment_controller.go:263.94,265.3 1 0
github.com/kubefoundry/kubefoundry/controller/internal/controller/modeldeployment_controller.go:268.2,278.31 4 0
github.com/kubefoundry/kubefoundry/controller/internal/controller/modeldeployment_controller.go:278.31,280.18 2 0
github.com/kubefoundry/kubefoundry/controller/internal/controller/modeldeployment_controller.go:280.18,281.12 1 0
github.com/kubefoundry/kubefoundry/controller/internal/controller/modeldeployment_controller.go:285.3,286.34 2 0
github.com/kubefoundry/kubefoundry/controller/internal/controller/modeldeployment_controller.go:286.34,287.29 1 0
github.com/kubefoundry/kubefoundry/controller/internal/controller/modeldeployment_controller.go:287.29,289.10 2 0
github.com/kubefoundry/kubefoundry/controller/internal/controller/modeldeployment_controller.go:292.3,292.23 1 0
github.com/kubefoundry/kubefoundry/controller/internal/controller/modeldeployment_controller.go:292.23,293.12 1 0
github.com/kubefoundry/kubefoundry/controller/internal/controller/modeldeployment_controller.go:297.3,297.33 1 0
github.com/kubefoundry/kubefoundry/controller/internal/controller/modeldeployment_controller.go:297.33,298.12 1 0
github.com/kubefoundry/kubefoundry/controller/internal/controller/modeldeployment_controller.go:300.3,300.34 1 0
github.com/kubefoundry/kubefoundry/controller/internal/controller/modeldeployment_controller.go:300.34,301.12 1 0
github.com/kubefoundry/kubefoundry/controller/internal/controller/modeldeployment_controller.go:305.3,306.53 2 0
github.com/kubefoundry/kubefoundry/controller/internal/controller/modeldeployment_controller.go:306.53,308.4 1 0
github.com/kubefoundry/kubefoundry/controller/internal/controller/modeldeployment_controller.go:309.3,310.40 2 0
github.com/kubefoundry/kubefoundry/controller/internal/controller/modeldeployment_controller.go:310.40,311.25 1 0
github.com/kubefoundry/kubefoundry/controller/internal/controller/modeldeployment_controller.go:311.25,313.10 2 0
github.com/kubefoundry/kubefoundry/controller/internal/controller/modeldeployment_controller.go:316.3,316.28 1 0
github.com/kubefoundry/kubefoundry/controller/internal/controller/modeldeployment_controller.go:316.28,317.12 1 0
github.com/kubefoundry/kubefoundry/controller/internal/controller/modeldeployment_controller.go:322.3,323.47 2 0
github.com/kubefoundry/kubefoundry/controller/internal/controller/modeldeployment_controller.go:323.47,325.18 2 0
github.com/kubefoundry/kubefoundry/controller/internal/controller/modeldeployment_controller.go:325.18,326.13 1 0
github.com/kubefoundry/kubefoundry/controller/internal/controller/modeldeployment_controller.go:328.4,328.43 1 0
github.com/kubefoundry/kubefoundry/controller/internal/controller/modeldeployment_controller.go:328.43,330.5 1 0
github.com/kubefoundry/kubefoundry/controller/internal/controller/modeldeployment_controller.go:333.3,338.5 2 0
github.com/kubefoundry/kubefoundry/controller/internal/controller/modeldeployment_controller.go:341.2,341.26 1 0
github.com/kubefoundry/kubefoundry/controller/internal/controller/modeldeployment_controller.go:341.26,343.3 1 0
github.com/kubefoundry/kubefoundry/controller/internal/controller/modeldeployment_controller.go:346.2,347.35 2 0
github.com/kubefoundry/kubefoundry/controller/internal/controller/modeldeployment_controller.go:347.35,348.88 1 0
github.com/kubefoundry/kubefoundry/controller/internal/controller/modeldeployment_controller.go:348.88,350.4 1 0
github.com/kubefoundry/kubefoundry/controller/internal/controller/modeldeployment_controller.go:353.2,353.31 1 0
github.com/kubefoundry/kubefoundry/controller/internal/controller/modeldeployment_controller.go:357.168,367.2 2 0
github.com/kubefoundry/kubefoundry/controller/internal/controller/modeldeployment_controller.go:370.78,375.2 1 0
github.com/kubefoundry/kubefoundry/controller/internal/controller/modeldeployment_controller.go:378.78,380.16 2 0
github.com/kubefoundry/kubefoundry/controller/internal/controller/modeldeployment_controller.go:380.16,382.3 1 0
github.com/kubefoundry/kubefoundry/controller/internal/controller/modeldeployment_controller.go:383.2,384.49 2 0
github.com/kubefoundry/kubefoundry/controller/internal/controller/modeldeployment_controller.go:384.49,386.3 1 0
github.com/kubefoundry/kubefoundry/controller/internal/controller/modeldeployment_controller.go:387.2,387.10 1 0
github.com/kubefoundry/kubefoundry/controller/internal/controller/modeldeployment_controller.go:391.75,395.16 2 0
github.com/kubefoundry/kubefoundry/controller/internal/controller/modeldeployment_controller.go:395.16,397.3 1 0
github.com/kubefoundry/kubefoundry/controller/internal/controller/modeldeployment_controller.go:399.2,400.42 2 0
github.com/kubefoundry/kubefoundry/controller/internal/controller/modeldeployment_controller.go:400.42,402.3 1 0
github.com/kubefoundry/kubefoundry/controller/internal/controller/modeldeployment_controller.go:404.2,405.16 2 0
github.com/kubefoundry/kubefoundry/controller/internal/controller/modeldeployment_controller.go:405.16,407.3 1 0
github.com/kubefoundry/kubefoundry/controller/internal/controller/modeldeployment_controller.go:409.2,412.16 2 0
github.com/kubefoundry/kubefoundry/controller/internal/controller/modeldeployment_controller.go:412.16,414.3 1 0
github.com/kubefoundry/kubefoundry/controller/internal/controller/modeldeployment_controller.go:416.2,416.34 1 0
github.com/kubefoundry/kubefoundry/controller/internal/controller/modeldeployment_controller.go:416.34,418.3 1 0
github.com/kubefoundry/kubefoundry/controller/internal/controller/modeldeployment_controller.go:420.2,420.32 1 0
github.com/kubefoundry/kubefoundry/controller/test/utils/utils.go:35.27,37.2 1 0
github.com/kubefoundry/kubefoundry/controller/test/utils/utils.go:40.41,44.42 3 0
github.com/kubefoundry/kubefoundry/controller/test/utils/utils.go:44.42,46.3 1 0
github.com/kubefoundry/kubefoundry/controller/test/utils/utils.go:48.2,52.16 5 0
github.com/kubefoundry/kubefoundry/controller/test/utils/utils.go:52.16,54.3 1 0
github.com/kubefoundry/kubefoundry/controller/test/utils/utils.go:56.2,56.28 1 0
github.com/kubefoundry/kubefoundry/controller/test/utils/utils.go:60.56,62.47 2 0
github.com/kubefoundry/kubefoundry/controller/test/utils/utils.go:62.47,64.3 1 0
github.com/kubefoundry/kubefoundry/controller/test/utils/utils.go:65.2,67.39 3 0
github.com/kubefoundry/kubefoundry/controller/test/utils/utils.go:67.39,69.3 1 0
github.com/kubefoundry/kubefoundry/controller/test/utils/utils.go:70.2,72.12 3 0
github.com/kubefoundry/kubefoundry/controller/test/utils/utils.go:77.47,80.32 3 0
github.com/kubefoundry/kubefoundry/controller/test/utils/utils.go:80.32,81.20 1 0
github.com/kubefoundry/kubefoundry/controller/test/utils/utils.go:81.20,83.4 1 0
github.com/kubefoundry/kubefoundry/controller/test/utils/utils.go:86.2,86.12 1 0
github.com/kubefoundry/kubefoundry/controller/test/utils/utils.go:90.38,92.16 2 0
github.com/kubefoundry/kubefoundry/controller/test/utils/utils.go:92.16,94.3 1 0
github.com/kubefoundry/kubefoundry/controller/test/utils/utils.go:95.2,96.16 2 0
github.com/kubefoundry/kubefoundry/controller/test/utils/utils.go:101.59,105.16 2 0
github.com/kubefoundry/kubefoundry/controller/test/utils/utils.go:105.16,107.3 1 0
github.com/kubefoundry/kubefoundry/controller/test/utils/utils.go:108.2,111.13 3 0
github.com/kubefoundry/kubefoundry/controller/test/utils/utils.go:111.13,113.3 1 0
github.com/kubefoundry/kubefoundry/controller/test/utils/utils.go:115.2,117.16 3 0
github.com/kubefoundry/kubefoundry/controller/test/utils/utils.go:117.16,119.3 1 0
github.com/kubefoundry/kubefoundry/controller/test/utils/utils.go:121.2,122.21 2 0
github.com/kubefoundry/kubefoundry/controller/test/utils/utils.go:122.21,124.3 1 0
github.com/kubefoundry/kubefoundry/controller/test/utils/utils.go:125.2,125.6 1 0
github.com/kubefoundry/kubefoundry/controller/test/utils/utils.go:125.6,126.87 1 0
github.com/kubefoundry/kubefoundry/controller/test/utils/utils.go:126.87,128.4 1 0
github.com/kubefoundry/kubefoundry/controller/test/utils/utils.go:130.3,130.22 1 0
github.com/kubefoundry/kubefoundry/controller/test/utils/utils.go:130.22,131.9 1 0
github.com/kubefoundry/kubefoundry/controller/test/utils/utils.go:133.3,133.49 1 0
github.com/kubefoundry/kubefoundry/controller/test/utils/utils.go:133.49,135.4 1 0
github.com/kubefoundry/kubefoundry/controller/test/utils/utils.go:138.2,138.63 1 0
github.com/kubefoundry/kubefoundry/controller/test/utils/utils.go:138.63,140.3 1 0
github.com/kubefoundry/kubefoundry/controller/test/utils/utils.go:144.2,144.65 1 0
github.com/kubefoundry/kubefoundry/controller/test/utils/utils.go:144.65,146.3 1 0
github.com/kubefoundry/kubefoundry/controller/test/utils/utils.go:148.2,148.12 1 0
